[0:04:50] Still working on:
[0:04:50]   src
[0:05:00] Still working on:
[0:05:00]   src
[0:05:10] Still working on:
[0:05:10]   src
[0:05:20] Still working on:
[0:05:20]   src
[0:05:30] Still working on:
[0:05:30]   src
[0:05:40] Still working on:
[0:05:40]   src
[0:05:50] Still working on:
[0:05:50]   src
[0:06:00] Still working on:
[0:06:00]   src
[0:06:10] Still working on:
[0:06:10]   src
[0:06:20] Still working on:
[0:06:20]   src
[0:06:30] Still working on:
[0:06:30]   src
[0:06:40] Still working on:
[0:06:40]   src
[0:06:50] Still working on:
[0:06:50]   src
[0:07:00] Still working on:
[0:07:00]   src
[0:07:10] Still working on:
[0:07:10]   src
[0:07:20] Still working on:
[0:07:20]   src
[0:07:30] Still working on:
[0:07:30]   src
[0:07:40] Still working on:
[0:07:40]   src
[0:07:50] Still working on:
[0:07:50]   src
[0:08:00] Still working on:
[0:08:00]   src
[0:08:10] Still working on:
[0:08:10]   src
[0:08:20] Still working on:
[0:08:20]   src
[0:08:30] Still working on:
[0:08:30]   src
[0:08:40] Still working on:
[0:08:40]   src
[0:08:50] Still working on:
[0:08:50]   src
[0:09:00] Still working on:
[0:09:00]   src
[0:09:10] Still working on:
[0:09:10]   src
[0:09:20] Still working on:
[0:09:20]   src
[0:09:30] Still working on:
[0:09:30]   src
[0:09:40] Still working on:
[0:09:40]   src
[0:09:50] Still working on:
[0:09:50]   src
[0:10:00] Still working on:
[0:10:00]   src
[0:10:10] Still working on:
[0:10:10]   src
[0:10:20] Still working on:
[0:10:20]   src
[0:10:26] Still working on:
[0:10:26]   src
[0:12:44] Still working on:
[0:12:44]   src/v8
[0:12:44]   src/third_party/deqp/src
[0:12:53] Still working on:
[0:12:53]   src/v8
[0:12:53]   src/third_party/deqp/src
[0:13:53] Still working on:
[0:13:53]   src/third_party/deqp/src
[0:14:03] Still working on:
[0:14:03]   src/third_party/deqp/src
[0:14:10] Still working on:
[0:14:10]   src/third_party/deqp/src

WARNING: 'src/third_party/arcore-android-sdk/src' is no longer part of this client.  It is recommended that you manually remove it.


WARNING: 'src/third_party/angle/third_party/vulkan-headers/src' is no longer part of this client.  It is recommended that you manually remove it.


WARNING: 'src/third_party/angle/third_party/vulkan-tools/src' is no longer part of this client.  It is recommended that you manually remove it.


WARNING: 'src/third_party/angle/third_party/vulkan-loader/src' is no longer part of this client.  It is recommended that you manually remove it.


WARNING: 'src/chrome/test/data/vr/webxr_samples' is no longer part of this client.  It is recommended that you manually remove it.


WARNING: 'src/third_party/angle/third_party/deqp/src' is no longer part of this client.  It is recommended that you manually remove it.

